<?xml version="1.0" encoding="UTF-8"?>
<!-- Generated by org.testng.reporters.JUnitReportReporter -->
<testsuite skipped="0" hostname="Utpal" name="restAPI.Tests.PostAPITest" tests="1" failures="0" timestamp="2019-12-25T03:27:20 IST" time="2.659" errors="0">
  <testcase name="postAPITest" time="2.659" classname="restAPI.Tests.PostAPITest"/>
</testsuite> <!-- restAPI.Tests.PostAPITest -->
