<?xml version="1.0" encoding="UTF-8"?>
<!-- Generated by org.testng.reporters.JUnitReportReporter -->
<testsuite skipped="0" hostname="Utpal" name="restAPI.Tests.GetAPITest" tests="2" failures="0" timestamp="2019-12-25T03:02:01 IST" time="2.387" errors="0">
  <testcase name="getAPITestWithoutHeaders" time="1.794" classname="restAPI.Tests.GetAPITest"/>
  <testcase name="getAPITestWithHeaders" time="0.593" classname="restAPI.Tests.GetAPITest"/>
</testsuite> <!-- restAPI.Tests.GetAPITest -->
